[    0.000000] Initializing cgroup subsys cpuset
[    0.000000] Initializing cgroup subsys cpu
[    0.000000] Initializing cgroup subsys cpuacct
[    0.000000] Linux version 4.4.0-210-generic (buildd@lgw01-amd64-009) (gcc version 5.4.0 20160609 (Ubuntu 5.4.0-6ubuntu1~16.04.12) ) #242-Ubuntu SMP Fri Apr 16 09:57:56 UTC 2021 (Ubuntu 4.4.0-210.242-generic 4.4.262)
[    0.000000] Command line: BOOT_IMAGE=/boot/vmlinuz-4.4.0-210-generic root=LABEL=cloudimg-rootfs ro console=tty1 console=ttyS0
[    0.000000] KERNEL supported cpus:
[    0.000000]   Intel GenuineIntel
[    0.000000]   AMD AuthenticAMD
[    0.000000]   Centaur CentaurHauls
[    0.000000] [Firmware Bug]: TSC doesn't count with P0 frequency!
[    0.000000] x86/fpu: xstate_offset[2]:  576, xstate_sizes[2]:  256
[    0.000000] x86/fpu: Supporting XSAVE feature 0x01: 'x87 floating point registers'
[    0.000000] x86/fpu: Supporting XSAVE feature 0x02: 'SSE registers'
[    0.000000] x86/fpu: Supporting XSAVE feature 0x04: 'AVX registers'
[    0.000000] x86/fpu: Enabled xstate features 0x7, context size is 832 bytes, using 'standard' format.
[    0.000000] e820: BIOS-provided physical RAM map:
[    0.000000] BIOS-e820: [mem 0x0000000000000000-0x000000000009fbff] usable
[    0.000000] BIOS-e820: [mem 0x000000000009fc00-0x000000000009ffff] reserved
[    0.000000] BIOS-e820: [mem 0x00000000000f0000-0x00000000000fffff] reserved
[    0.000000] BIOS-e820: [mem 0x0000000000100000-0x000000003ffeffff] usable
[    0.000000] BIOS-e820: [mem 0x000000003fff0000-0x000000003fffffff] ACPI data
[    0.000000] BIOS-e820: [mem 0x00000000fec00000-0x00000000fec00fff] reserved
[    0.000000] BIOS-e820: [mem 0x00000000fee00000-0x00000000fee00fff] reserved
[    0.000000] BIOS-e820: [mem 0x00000000fffc0000-0x00000000ffffffff] reserved
[    0.000000] NX (Execute Disable) protection: active
[    0.000000] SMBIOS 2.5 present.
[    0.000000] Hypervisor detected: KVM
[    0.000000] Kernel/User page tables isolation: disabled
[    0.000000] e820: last_pfn = 0x3fff0 max_arch_pfn = 0x400000000
[    0.000000] MTRR: Disabled
[    0.000000] x86/PAT: MTRRs disabled, skipping PAT initialization too.
[    0.000000] CPU MTRRs all blank - virtualized system.
[    0.000000] x86/PAT: Configuration [0-7]: WB  WT  UC- UC  WB  WT  UC- UC  
[    0.000000] found SMP MP-table at [mem 0x0009fff0-0x0009ffff] mapped at [ffff88000009fff0]
[    0.000000] Scanning 1 areas for low memory corruption
[    0.000000] RAMDISK: [mem 0x362dc000-0x37165fff]
[    0.000000] ACPI: Early table checksum verification disabled
[    0.000000] ACPI: RSDP 0x00000000000E0000 000024 (v02 VBOX  )
[    0.000000] ACPI: XSDT 0x000000003FFF0030 00003C (v01 VBOX   VBOXXSDT 00000001 ASL  00000061)
[    0.000000] ACPI: FACP 0x000000003FFF00F0 0000F4 (v04 VBOX   VBOXFACP 00000001 ASL  00000061)
[    0.000000] ACPI: DSDT 0x000000003FFF0470 002325 (v02 VBOX   VBOXBIOS 00000002 INTL 20200925)
[    0.000000] ACPI: FACS 0x000000003FFF0200 000040
[    0.000000] ACPI: FACS 0x000000003FFF0200 000040
[    0.000000] ACPI: APIC 0x000000003FFF0240 00005C (v02 VBOX   VBOXAPIC 00000001 ASL  00000061)
[    0.000000] ACPI: SSDT 0x000000003FFF02A0 0001CC (v01 VBOX   VBOXCPUT 00000002 INTL 20200925)
[    0.000000] No NUMA configuration found
[    0.000000] Faking a node at [mem 0x0000000000000000-0x000000003ffeffff]
[    0.000000] NODE_DATA(0) allocated [mem 0x3ffeb000-0x3ffeffff]
[    0.000000] kvm-clock: Using msrs 4b564d01 and 4b564d00
[    0.000000] kvm-clock: cpu 0, msr 0:3ffe3001, primary cpu clock
[    0.000000] kvm-clock: using sched offset of 2931827466 cycles
[    0.000000] clocksource: kvm-clock: mask: 0xffffffffffffffff max_cycles: 0x1cd42e4dffb, max_idle_ns: 881590591483 ns
[    0.000000] Zone ranges:
[    0.000000]   DMA      [mem 0x0000000000001000-0x0000000000ffffff]
[    0.000000]   DMA32    [mem 0x0000000001000000-0x000000003ffeffff]
[    0.000000]   Normal   empty
[    0.000000]   Device   empty
[    0.000000] Movable zone start for each node
[    0.000000] Early memory node ranges
[    0.000000]   node   0: [mem 0x0000000000001000-0x000000000009efff]
[    0.000000]   node   0: [mem 0x0000000000100000-0x000000003ffeffff]
[    0.000000] Initmem setup node 0 [mem 0x0000000000001000-0x000000003ffeffff]
[    0.000000] ACPI: PM-Timer IO Port: 0x4008
[    0.000000] IOAPIC[0]: apic_id 2, version 32, address 0xfec00000, GSI 0-23
[    0.000000] ACPI: INT_SRC_OVR (bus 0 bus_irq 0 global_irq 2 dfl dfl)
[    0.000000] ACPI: INT_SRC_OVR (bus 0 bus_irq 9 global_irq 9 low level)
[    0.000000] Using ACPI (MADT) for SMP configuration information
[    0.000000] smpboot: Allowing 2 CPUs, 0 hotplug CPUs
[    0.000000] PM: Registered nosave memory: [mem 0x00000000-0x00000fff]
[    0.000000] PM: Registered nosave memory: [mem 0x0009f000-0x0009ffff]
[    0.000000] PM: Registered nosave memory: [mem 0x000a0000-0x000effff]
[    0.000000] PM: Registered nosave memory: [mem 0x000f0000-0x000fffff]
[    0.000000] e820: [mem 0x40000000-0xfebfffff] available for PCI devices
[    0.000000] Booting paravirtualized kernel on KVM
[    0.000000] clocksource: refined-jiffies: mask: 0xffffffff max_cycles: 0xffffffff, max_idle_ns: 7645519600211568 ns
[    0.000000] setup_percpu: NR_CPUS:512 nr_cpumask_bits:512 nr_cpu_ids:2 nr_node_ids:1
[    0.000000] PERCPU: Embedded 33 pages/cpu @ffff88003fc00000 s95192 r8192 d31784 u1048576
[    0.000000] Built 1 zonelists in Node order, mobility grouping on.  Total pages: 257912
[    0.000000] Policy zone: DMA32
[    0.000000] Kernel command line: BOOT_IMAGE=/boot/vmlinuz-4.4.0-210-generic root=LABEL=cloudimg-rootfs ro console=tty1 console=ttyS0
[    0.000000] PID hash table entries: 4096 (order: 3, 32768 bytes)
[    0.000000] Memory: 997792K/1048120K available (8644K kernel code, 1332K rwdata, 4044K rodata, 1492K init, 1164K bss, 50328K reserved, 0K cma-reserved)
[    0.000000] SLUB: HWalign=64, Order=0-3, MinObjects=0, CPUs=2, Nodes=1
[    0.000000] Hierarchical RCU implementation.
[    0.000000] 	Build-time adjustment of leaf fanout to 64.
[    0.000000] 	RCU restricting CPUs from NR_CPUS=512 to nr_cpu_ids=2.
[    0.000000] RCU: Adjusting geometry for rcu_fanout_leaf=64, nr_cpu_ids=2
[    0.000000] NR_IRQS:33024 nr_irqs:440 16
[    0.000000] Console: colour VGA+ 80x25
[    0.000000] console [tty1] enabled
[    0.000000] console [ttyS0] enabled
[    0.000000] tsc: Detected 3193.998 MHz processor
[    0.080523] Calibrating delay loop (skipped) preset value.. 6387.99 BogoMIPS (lpj=12775992)
[    0.081534] pid_max: default: 32768 minimum: 301
[    0.082081] ACPI: Core revision 20150930
[    0.083094] ACPI: 2 ACPI AML tables successfully acquired and loaded
[    0.083819] Security Framework initialized
[    0.084317] Yama: becoming mindful.
[    0.084800] AppArmor: AppArmor initialized
[    0.085329] Dentry cache hash table entries: 131072 (order: 8, 1048576 bytes)
[    0.086168] Inode-cache hash table entries: 65536 (order: 7, 524288 bytes)
[    0.087309] Mount-cache hash table entries: 2048 (order: 2, 16384 bytes)
[    0.087988] Mountpoint-cache hash table entries: 2048 (order: 2, 16384 bytes)
[    0.088811] Initializing cgroup subsys io
[    0.089271] Initializing cgroup subsys memory
[    0.089867] Initializing cgroup subsys devices
[    0.090391] Initializing cgroup subsys freezer
[    0.090896] Initializing cgroup subsys net_cls
[    0.091409] Initializing cgroup subsys perf_event
[    0.091949] Initializing cgroup subsys net_prio
[    0.092481] Initializing cgroup subsys hugetlb
[    0.092980] Initializing cgroup subsys pids
[    0.093666] mce: CPU supports 0 MCE banks
[    0.094154] Last level iTLB entries: 4KB 512, 2MB 512, 4MB 256
[    0.094753] Last level dTLB entries: 4KB 2048, 2MB 2048, 4MB 1024, 1GB 0
[    0.095460] Spectre V1 : Mitigation: usercopy/swapgs barriers and __user pointer sanitization
[    0.096453] Spectre V2 : Spectre mitigation: LFENCE not serializing, switching to generic retpoline
[    0.097489] Spectre V2 : Mitigation: Full generic retpoline
[    0.098070] Spectre V2 : Spectre v2 / SpectreRSB mitigation: Filling RSB on context switch
[    0.100565] Freeing SMP alternatives memory: 36K
[    0.104919] ftrace: allocating 32380 entries in 127 pages
[    0.139077] smpboot: APIC(0) Converting physical 0 to logical package 0
[    0.139782] smpboot: Max logical packages: 1
[    0.140378] x2apic enabled
[    0.140880] Switched APIC routing to physical x2apic.
[    0.142094] ..TIMER: vector=0x30 apic1=0 pin1=2 apic2=-1 pin2=-1
[    0.250727] APIC calibration not consistent with PM-Timer: 123ms instead of 100ms
[    0.251575] APIC delta adjusted to PM-Timer: 6355681 (7840865)
[    0.252184] smpboot: CPU0: AMD Ryzen 7 5800H with Radeon Graphics (family: 0x19, model: 0x50, stepping: 0x0)
[    0.253410] Performance Events: Broken PMU hardware detected, using software events only.
[    0.254303] Failed to access perfctr msr (MSR c0010007 is 0)
[    0.259063] KVM setup paravirtual spinlock
[    0.260100] x86: Booting SMP configuration:
[    0.260594] .... node  #0, CPUs:      #1
[    0.261162] kvm-clock: cpu 1, msr 0:3ffe3041, secondary cpu clock
[    0.261930] mce: CPU supports 0 MCE banks
[    0.264291] x86: Booted up 1 node, 2 CPUs
[    0.264875] smpboot: Total of 2 processors activated (12775.99 BogoMIPS)
[    0.265893] devtmpfs: initialized
[    0.267382] evm: security.selinux
[    0.267782] evm: security.SMACK64
[    0.268158] evm: security.SMACK64EXEC
[    0.268608] evm: security.SMACK64TRANSMUTE
[    0.269081] evm: security.SMACK64MMAP
[    0.269550] evm: security.ima
[    0.269924] evm: security.capability
[    0.270810] clocksource: jiffies: mask: 0xffffffff max_cycles: 0xffffffff, max_idle_ns: 7645041785100000 ns
[    0.271749] futex hash table entries: 512 (order: 3, 32768 bytes)
[    0.272406] pinctrl core: initialized pinctrl subsystem
[    0.273220] RTC time:  9:17:21, date: 04/15/23
[    0.273769] NET: Registered protocol family 16
[    0.280638] cpuidle: using governor ladder
[    0.288825] cpuidle: using governor menu
[    0.289600] PCCT header not found.
[    0.290505] ACPI: bus type PCI registered
[    0.291005] acpiphp: ACPI Hot Plug PCI Controller Driver version: 0.5
[    0.291663] PCI: Using configuration type 1 for base access
[    0.292237] PCI: Using configuration type 1 for extended access
[    0.298047] ACPI: Added _OSI(Module Device)
[    0.298616] ACPI: Added _OSI(Processor Device)
[    0.299072] ACPI: Added _OSI(3.0 _SCP Extensions)
[    0.299581] ACPI: Added _OSI(Processor Aggregator Device)
[    0.300382] ACPI: Executed 1 blocks of module-level executable AML code
[    0.301998] ACPI: Interpreter enabled
[    0.302422] ACPI: (supports S0 S5)
[    0.302808] ACPI: Using IOAPIC for interrupt routing
[    0.303381] PCI: Using host bridge windows from ACPI; if necessary, use "pci=nocrs" and report a bug
[    0.305921] ACPI: PCI Root Bridge [PCI0] (domain 0000 [bus 00-ff])
[    0.306546] acpi PNP0A03:00: _OSC: OS supports [ExtendedConfig ASPM ClockPM Segments MSI]
[    0.307758] acpi PNP0A03:00: _OSC: platform does not support [PCIeCapability]
[    0.308582] acpi PNP0A03:00: _OSC: not requesting control; platform does not support [PCIeCapability]
[    0.309516] acpi PNP0A03:00: _OSC: OS requested [PCIeHotplug PME AER PCIeCapability]
[    0.310314] acpi PNP0A03:00: _OSC: platform willing to grant [PCIeHotplug PME AER]
[    0.311152] acpi PNP0A03:00: _OSC failed (AE_SUPPORT); disabling ASPM
[    0.311959] PCI host bridge to bus 0000:00
[    0.317261] pci_bus 0000:00: root bus resource [io  0x0000-0x0cf7 window]
[    0.317947] pci_bus 0000:00: root bus resource [io  0x0d00-0xffff window]
[    0.318696] pci_bus 0000:00: root bus resource [mem 0x000a0000-0x000bffff window]
[    0.319460] pci_bus 0000:00: root bus resource [mem 0x40000000-0xfdffffff window]
[    0.320266] pci_bus 0000:00: root bus resource [bus 00-ff]
[    0.321518] pci 0000:00:01.1: legacy IDE quirk: reg 0x10: [io  0x01f0-0x01f7]
[    0.322207] pci 0000:00:01.1: legacy IDE quirk: reg 0x14: [io  0x03f6]
[    0.322801] pci 0000:00:01.1: legacy IDE quirk: reg 0x18: [io  0x0170-0x0177]
[    0.323487] pci 0000:00:01.1: legacy IDE quirk: reg 0x1c: [io  0x0376]
[    0.328998] pci 0000:00:07.0: quirk: [io  0x4000-0x403f] claimed by PIIX4 ACPI
[    0.329789] pci 0000:00:07.0: quirk: [io  0x4100-0x410f] claimed by PIIX4 SMB
[    0.332255] ACPI: PCI Interrupt Link [LNKA] (IRQs 5 9 10 *11)
[    0.333151] ACPI: PCI Interrupt Link [LNKB] (IRQs 5 9 *10 11)
[    0.333959] ACPI: PCI Interrupt Link [LNKC] (IRQs 5 *9 10 11)
[    0.334779] ACPI: PCI Interrupt Link [LNKD] (IRQs 5 9 10 *11)
[    0.335621] ACPI: Enabled 2 GPEs in block 00 to 07
[    0.336348] vgaarb: setting as boot device: PCI:0000:00:02.0
[    0.336909] vgaarb: device added: PCI:0000:00:02.0,decodes=io+mem,owns=io+mem,locks=none
[    0.337727] vgaarb: loaded
[    0.338070] vgaarb: bridge control possible 0000:00:02.0
[    0.338743] SCSI subsystem initialized
[    0.339329] ACPI: bus type USB registered
[    0.339934] usbcore: registered new interface driver usbfs
[    0.340626] usbcore: registered new interface driver hub
[    0.341191] usbcore: registered new device driver usb
[    0.341872] PCI: Using ACPI for IRQ routing
[    0.342473] NetLabel: Initializing
[    0.342889] NetLabel:  domain hash size = 128
[    0.343342] NetLabel:  protocols = UNLABELED CIPSOv4
[    0.343860] NetLabel:  unlabeled traffic allowed by default
[    0.344504] amd_nb: Cannot enumerate AMD northbridges
[    0.345047] clocksource: Switched to clocksource kvm-clock
[    0.349163] AppArmor: AppArmor Filesystem Enabled
[    0.349755] pnp: PnP ACPI init
[    0.350504] pnp: PnP ACPI: found 3 devices
[    0.357896] clocksource: acpi_pm: mask: 0xffffff max_cycles: 0xffffff, max_idle_ns: 2085701024 ns
[    0.358826] NET: Registered protocol family 2
[    0.359380] TCP established hash table entries: 8192 (order: 4, 65536 bytes)
[    0.360089] TCP bind hash table entries: 8192 (order: 5, 131072 bytes)
[    0.360735] TCP: Hash tables configured (established 8192 bind 8192)
[    0.361404] UDP hash table entries: 512 (order: 2, 16384 bytes)
[    0.361999] UDP-Lite hash table entries: 512 (order: 2, 16384 bytes)
[    0.362627] NET: Registered protocol family 1
[    0.363160] pci 0000:00:00.0: Limiting direct PCI/PCI transfers
[    0.363783] pci 0000:00:01.0: Activating ISA DMA hang workarounds
[    0.364942] Unpacking initramfs...
[    0.496104] Freeing initrd memory: 14888K
[    0.496741] clocksource: tsc: mask: 0xffffffffffffffff max_cycles: 0x2e0a244aeba, max_idle_ns: 440795290469 ns
[    0.497909] platform rtc_cmos: registered platform RTC device (no PNP device found)
[    0.498896] Scanning for low memory corruption every 60 seconds
[    0.499893] audit: initializing netlink subsys (disabled)
[    0.500681] audit: type=2000 audit(1681550245.458:1): initialized
[    0.501592] Initialise system trusted keyring
[    0.502266] HugeTLB registered 2 MB page size, pre-allocated 0 pages
[    0.503671] zbud: loaded
[    0.504264] VFS: Disk quotas dquot_6.6.0
[    0.504809] VFS: Dquot-cache hash table entries: 512 (order 0, 4096 bytes)
[    0.505728] squashfs: version 4.0 (2009/01/31) Phillip Lougher
[    0.506566] fuse init (API version 7.23)
[    0.507171] Key type big_key registered
[    0.507681] Allocating IMA MOK and blacklist keyrings.
[    0.509595] Key type asymmetric registered
[    0.510101] Asymmetric key parser 'x509' registered
[    0.510676] Block layer SCSI generic (bsg) driver version 0.4 loaded (major 249)
[    0.511669] io scheduler noop registered
[    0.512278] io scheduler deadline registered (default)
[    0.513005] io scheduler cfq registered
[    0.513568] pci_hotplug: PCI Hot Plug PCI Core version: 0.5
[    0.514227] pciehp: PCI Express Hot Plug Controller Driver version: 0.4
[    0.515072] ACPI: AC Adapter [AC] (on-line)
[    0.515633] input: Power Button as /devices/LNXSYSTM:00/LNXPWRBN:00/input/input0
[    0.516591] ACPI: Power Button [PWRF]
[    0.517105] input: Sleep Button as /devices/LNXSYSTM:00/LNXSLPBN:00/input/input1
[    0.518057] ACPI: Sleep Button [SLPF]
[    0.518655] GHES: HEST is not enabled!
[    0.518926] ACPI: Battery Slot [BAT0] (battery present)
[    0.519985] Serial: 8250/16550 driver, 32 ports, IRQ sharing enabled
[    0.540984] 00:02: ttyS0 at I/O 0x3f8 (irq = 4, base_baud = 115200) is a 16550A
[    0.543017] Linux agpgart interface v0.103
[    0.544640] loop: module loaded
[    0.545388] scsi host0: ata_piix
[    0.545920] scsi host1: ata_piix
[    0.546415] ata1: PATA max UDMA/33 cmd 0x1f0 ctl 0x3f6 bmdma 0xd000 irq 14
[    0.547228] ata2: PATA max UDMA/33 cmd 0x170 ctl 0x376 bmdma 0xd008 irq 15
[    0.548051] libphy: Fixed MDIO Bus: probed
[    0.548590] tun: Universal TUN/TAP device driver, 1.6
[    0.549206] tun: (C) 1999-2004 Max Krasnyansky <maxk@qualcomm.com>
[    0.549973] PPP generic driver version 2.4.2
[    0.550562] ehci_hcd: USB 2.0 'Enhanced' Host Controller (EHCI) Driver
[    0.551304] ehci-pci: EHCI PCI platform driver
[    0.551865] ehci-platform: EHCI generic platform driver
[    0.552517] ohci_hcd: USB 1.1 'Open' Host Controller (OHCI) Driver
[    0.553249] ohci-pci: OHCI PCI platform driver
[    0.553866] ohci-platform: OHCI generic platform driver
[    0.554512] uhci_hcd: USB Universal Host Controller Interface driver
[    0.555291] i8042: PNP: PS/2 Controller [PNP0303:PS2K,PNP0f03:PS2M] at 0x60,0x64 irq 1,12
[    0.556651] serio: i8042 KBD port at 0x60,0x64 irq 1
[    0.557287] serio: i8042 AUX port at 0x60,0x64 irq 12
[    0.558017] mousedev: PS/2 mouse device common for all mice
[    0.559012] input: AT Translated Set 2 keyboard as /devices/platform/i8042/serio0/input/input2
[    0.560093] rtc_cmos rtc_cmos: rtc core: registered rtc_cmos as rtc0
[    0.561010] rtc_cmos rtc_cmos: alarms up to one day, 114 bytes nvram
[    0.561775] i2c /dev entries driver
[    0.562269] device-mapper: uevent: version 1.0.3
[    0.562909] device-mapper: ioctl: 4.34.0-ioctl (2015-10-28) initialised: dm-devel@redhat.com
[    0.563951] ledtrig-cpu: registered to indicate activity on CPUs
[    0.564969] NET: Registered protocol family 10
[    0.565686] NET: Registered protocol family 17
[    0.566262] Key type dns_resolver registered
[    0.567025] registered taskstats version 1
[    0.567608] Loading compiled-in X.509 certificates
[    0.568572] Loaded X.509 cert 'Build time autogenerated kernel key: cf00e047681d67edb2720680708b7d9498083038'
[    0.569811] zswap: loaded using pool lzo/zbud
[    0.571425] Key type trusted registered
[    0.573640] Key type encrypted registered
[    0.574167] AppArmor: AppArmor sha1 policy hashing enabled
[    0.574813] ima: No TPM chip found, activating TPM-bypass!
[    0.575417] ima: Allocated hash algorithm: sha1
[    0.575915] evm: HMAC attrs: 0x1
[    0.576499]   Magic number: 3:786:272
[    0.576991] rtc_cmos rtc_cmos: setting system clock to 2023-04-15 09:17:21 UTC (1681550241)
[    0.578003] BIOS EDD facility v0.16 2004-Jun-25, 0 devices found
[    0.578631] EDD information not available.
[    0.971014] Freeing unused kernel memory: 1492K
[    0.972729] Write protecting the kernel read-only data: 14336k
[    0.975403] Freeing unused kernel memory: 1584K
[    0.977236] Freeing unused kernel memory: 52K
Loading, please wait...
starting version 229
[    1.001976] random: systemd-udevd: uninitialized urandom read (16 bytes read, 2 bits of entropy available)
[    1.003079] random: udevadm: uninitialized urandom read (16 bytes read, 2 bits of entropy available)
[    1.003116] random: udevadm: uninitialized urandom read (16 bytes read, 2 bits of entropy available)
[    1.011956] random: systemd-udevd: uninitialized urandom read (16 bytes read, 2 bits of entropy available)
[    1.015227] random: systemd-udevd: uninitialized urandom read (16 bytes read, 2 bits of entropy available)
[    1.018501] random: systemd-udevd: uninitialized urandom read (16 bytes read, 2 bits of entropy available)
[    1.019323] random: udevadm: uninitialized urandom read (16 bytes read, 2 bits of entropy available)
[    1.019403] random: udevadm: uninitialized urandom read (16 bytes read, 2 bits of entropy available)
[    1.019710] random: udevadm: uninitialized urandom read (16 bytes read, 2 bits of entropy available)
[    1.019795] random: udevadm: uninitialized urandom read (16 bytes read, 2 bits of entropy available)
[    1.062265] Fusion MPT base driver 3.04.20
[    1.062886] Copyright (c) 1999-2008 LSI Corporation
[    1.066235] Fusion MPT SPI Host driver 3.04.20
[    1.071551] e1000: Intel(R) PRO/1000 Network Driver - version 7.3.21-k8-NAPI
[    1.072385] e1000: Copyright (c) 1999-2006 Intel Corporation.
[    1.073614] mptbase: ioc0: Initiating bringup
[    1.074641] AVX2 version of gcm_enc/dec engaged.
[    1.075152] AES CTR mode by8 optimization enabled
[    1.278471] input: ImExPS/2 Generic Explorer Mouse as /devices/platform/i8042/serio1/input/input4
[    1.289265] ioc0: LSI53C1030 A0: Capabilities={Initiator}
[    2.554552] scsi host2: ioc0: LSI53C1030 A0, FwRev=00000000h, Ports=1, MaxQ=256, IRQ=20
[    2.665546] scsi 2:0:0:0: Direct-Access     VBOX     HARDDISK         1.0  PQ: 0 ANSI: 5
[    2.668602] scsi target2:0:0: Beginning Domain Validation
[    2.671711] scsi target2:0:0: Domain Validation skipping write tests
[    2.684156] scsi target2:0:0: Ending Domain Validation
[    2.685223] scsi target2:0:0: asynchronous
[    2.686336] scsi 2:0:1:0: Direct-Access     VBOX     HARDDISK         1.0  PQ: 0 ANSI: 5
[    2.689206] scsi target2:0:1: Beginning Domain Validation
[    2.692211] scsi target2:0:1: Domain Validation skipping write tests
[    2.694173] scsi target2:0:1: Ending Domain Validation
[    2.694964] scsi target2:0:1: asynchronous
[    2.709579] sd 2:0:0:0: Attached scsi generic sg0 type 0
[    2.711677] sd 2:0:0:0: [sda] 83886080 512-byte logical blocks: (42.9 GB/40.0 GiB)
[    2.714923] sd 2:0:1:0: Attached scsi generic sg1 type 0
[    2.715928] sd 2:0:1:0: [sdb] 20480 512-byte logical blocks: (10.5 MB/10.0 MiB)
[    2.718172] sd 2:0:0:0: [sda] Write Protect is off
[    2.720005] sd 2:0:1:0: [sdb] Write Protect is off
[    2.722164] sd 2:0:1:0: [sdb] Incomplete mode parameter data
[    2.723273] sd 2:0:1:0: [sdb] Assuming drive cache: write through
[    2.725653] sd 2:0:0:0: [sda] Incomplete mode parameter data
[    2.727793] sd 2:0:0:0: [sda] Assuming drive cache: write through
[    2.741450]  sda: sda1
[    2.743999] sd 2:0:1:0: [sdb] Attached SCSI disk
[    2.746461] sd 2:0:0:0: [sda] Attached SCSI disk
[    2.987261] e1000 0000:00:03.0 eth0: (PCI:33MHz:32-bit) 02:be:82:6b:cc:1d
[    2.988147] e1000 0000:00:03.0 eth0: Intel(R) PRO/1000 Network Connection
[    2.989718] e1000 0000:00:03.0 enp0s3: renamed from eth0
Begin: Loading essential drivers ... [    4.313038] md: linear personality registered for level -1
[    4.315655] md: multipath personality registered for level -4
[    4.317700] md: raid0 personality registered for level 0
[    4.319921] md: raid1 personality registered for level 1
[    4.389137] raid6: sse2x1   gen()  7874 MB/s
[    4.457135] raid6: sse2x1   xor() 13209 MB/s
[    4.525130] raid6: sse2x2   gen() 15137 MB/s
[    4.593150] raid6: sse2x2   xor() 17751 MB/s
[    4.661145] raid6: sse2x4   gen() 21793 MB/s
[    4.729132] raid6: sse2x4   xor() 12516 MB/s
[    4.797173] raid6: avx2x1   gen() 18132 MB/s
[    4.865150] raid6: avx2x2   gen() 31887 MB/s
[    4.933149] raid6: avx2x4   gen() 35640 MB/s
[    4.933679] raid6: using algorithm avx2x4 gen() 35640 MB/s
[    4.934518] raid6: using avx2x2 recovery algorithm
[    4.935841] xor: automatically using best checksumming function:
[    4.973135]    avx       : 19176.000 MB/sec
[    4.974395] async_tx: api initialized (async)
[    4.979155] md: raid6 personality registered for level 6
[    4.979758] md: raid5 personality registered for level 5
[    4.980336] md: raid4 personality registered for level 4
[    4.983886] md: raid10 personality registered for level 10
done.
Begin: Running /scripts/init-premount ... done.
Begin: Mounting root file system ... Begin: Running /scripts/local-top ... done.
Begin: Running /scripts/local-premount ... [    4.999757] Btrfs loaded
Scanning for Btrfs filesystems
done.
Warning: fsck not present, so skipping root file system
[    5.024611] EXT4-fs (sda1): mounted filesystem with ordered data mode. Opts: (null)
done.
Begin: Running /scripts/local-bottom ... done.
Begin: Running /scripts/init-bottom ... done.
[    5.070523] systemd[1]: systemd 229 running in system mode. (+PAM +AUDIT +SELINUX +IMA +APPARMOR +SMACK +SYSVINIT +UTMP +LIBCRYPTSETUP +GCRYPT +GNUTLS +ACL +XZ -LZ4 +SECCOMP +BLKID +ELFUTILS +KMOD -IDN)
[    5.072505] systemd[1]: Detected virtualization oracle.
[    5.073073] systemd[1]: Detected architecture x86-64.

Welcome to [1mUbuntu 16.04.7 LTS[0m!

[    5.074749] systemd[1]: Set hostname to <ubuntu>.
[    5.076203] systemd[1]: Initializing machine ID from random generator.
[    5.076931] systemd[1]: Installed transient /etc/machine-id file.
[    5.146223] systemd[1]: Listening on LVM2 metadata daemon socket.
[[0;32m  OK  [0m] Listening on LVM2 metadata daemon socket.
[    5.147402] systemd[1]: Listening on udev Control Socket.
[[0;32m  OK  [0m] Listening on udev Control Socket.
[    5.148318] systemd[1]: Listening on fsck to fsckd communication Socket.
[[0;32m  OK  [0m] Listening on fsck to fsckd communication Socket.
[    5.149418] systemd[1]: Listening on LVM2 poll daemon socket.
[[0;32m  OK  [0m] Listening on LVM2 poll daemon socket.
[    5.150371] systemd[1]: Reached target User and Group Name Lookups.
[[0;32m  OK  [0m] Reached target User and Group Name Lookups.
[    5.151355] systemd[1]: Reached target Swap.
[[0;32m  OK  [0m] Reached target Swap.
[    5.152304] systemd[1]: Created slice User and Session Slice.
[[0;32m  OK  [0m] Created slice User and Session Slice.
[    5.153262] systemd[1]: Listening on Journal Socket.
[[0;32m  OK  [0m] Listening on Journal Socket.
[    5.154139] systemd[1]: Started Forward Password Requests to Wall Directory Watch.
[[0;32m  OK  [0m] Started Forward Password Requests to Wall Directory Watch.
[    5.155437] systemd[1]: Listening on Journal Socket (/dev/log).
[[0;32m  OK  [0m] Listening on Journal Socket (/dev/log).
[    5.156424] systemd[1]: Listening on udev Kernel Socket.
[[0;32m  OK  [0m] Listening on udev Kernel Socket.
[    5.157340] systemd[1]: Listening on Device-mapper event daemon FIFOs.
[[0;32m  OK  [0m] Listening on Device-mapper event daemon FIFOs.
[    5.158541] systemd[1]: Set up automount Arbitrary Executable File Formats File System Automount Point.
[[0;32m  OK  [0m] Set up automount Arbitrary Executab...ats File System Automount Point.
[    5.160166] systemd[1]: Created slice System Slice.
[[0;32m  OK  [0m] Created slice System Slice.
[    5.177411] systemd[1]: Starting Uncomplicated firewall...
         Starting Uncomplicated firewall...
[    5.179506] systemd[1]: Starting Create list of required static device nodes for the current kernel...
         Starting Create list of required st... nodes for the current kernel...
[    5.181360] systemd[1]: Mounting Huge Pages File System...
         Mounting Huge Pages File System...
[    5.194056] systemd[1]: Starting Set console keymap...
         Starting Set console keymap...
[    5.195577] systemd[1]: Starting Nameserver information manager...
         Starting Nameserver information manager...
[    5.201200] systemd[1]: Reached target Slices.
[[0;32m  OK  [0m] Reached target Slices.
[    5.202484] systemd[1]: Starting Monitoring of LVM2 mirrors, snapshots etc. using dmeventd or progress polling...
         Starting Monitoring of LVM2 mirrors... dmeventd or progress polling...
[    5.205212] systemd[1]: Mounting Debug File System...
         Mounting Debug File System...
[    5.207919] systemd[1]: Starting Load Kernel Modules...
         Starting Load Kernel Modules...
[    5.209129] systemd[1]: Created slice system-serial\x2dgetty.slice.
[[0;32m  OK  [0m] Created slice system-serial\x2dgetty.slice.
[    5.211997] systemd[1]: Starting File System Check on Root Device...
         Starting File System Check on Root Device...
[    5.213067] systemd[1]: Started Trigger resolvconf update for networkd DNS.
[[0;32m  OK  [0m] Started Trigger resolvconf update for networkd DNS.
[    5.214170] systemd[1]: Listening on /dev/initctl Compatibility Named Pipe.
[[0;32m  OK  [0m] Listening on /dev/initctl Compatibility Named Pipe.
[    5.217045] systemd[1]: Reached target System Time Synchronized.
[[0;32m  OK  [0m] Reached target System Time Synchronized.
[    5.218068] systemd[1]: Reached target Encrypted Volumes.
[[0;32m  OK  [0m] Reached target Encrypted Volumes.
[    5.219047] systemd[1]: Listening on Journal Audit Socket.
[[0;32m  OK  [0m] Listening on Journal Audit Socket.
[    5.219992] systemd[1]: Listening on Syslog Socket.
[[0;32m  OK  [0m] Listening on Syslog Socket.
[    5.221901] systemd[1]: Starting Journal Service...
         Starting Journal Service...
[    5.223141] systemd[1]: Mounting POSIX Message Queue File System...
         Mounting POSIX Message Queue File System...
[    5.224663] Loading iSCSI transport class v2.0-870.
[    5.226253] systemd[1]: Mounted Huge Pages File System.
[[0;32m  OK  [0m] Mounted Huge Pages File System.
[    5.227147] systemd[1]: Mounted Debug File System.
[[0;32m  OK  [0m] Mounted Debug File System.
[    5.228333] systemd[1]: Started Uncomplicated firewall.
[[0;32m  OK  [0m] Started Uncomplicated firewall.
[    5.230963] systemd[1]: Started Create list of required static device nodes for the current kernel.
[[0;32m  OK  [0m] Started Create list of required sta...ce nodes for the current kernel.
[    5.232731] systemd[1]: Started Set console keymap.
[[0;32m  OK  [0m] Started Set console keymap.
[    5.234247] systemd[1]: Started File System Check on Root Device.
[[0;32m  OK  [0m] Started File System Check on Root Device.
[    5.235377] systemd[1]: Mounted POSIX Message Queue File System.
[[0;32m  OK  [0m] Mounted POSIX Message Queue File System.
[    5.237702] systemd[1]: Started Nameserver information manager.
[[0;32m  OK  [0m] Started Nameserver information manager.
[    5.239469] iscsi: registered transport (tcp)
[    5.239590] systemd[1]: Started LVM2 metadata daemon.
[[0;32m  OK  [0m] Started LVM2 metadata daemon.
[    5.241404] systemd[1]: Started File System Check Daemon to report status.
[[0;32m  OK  [0m] Started File System Check Daemon to report status.
[    5.243281] systemd[1]: Starting Remount Root and Kernel File Systems...
         Starting Remount Root and Kernel File Systems...
[    5.244850] systemd[1]: Starting Create Static Device Nodes in /dev...
         Starting Create Static Device Nodes in /dev...
[    5.246117] EXT4-fs (sda1): re-mounted. Opts: (null)
[    5.248057] systemd[1]: Started Remount Root and Kernel File Systems.
[[0;32m  OK  [0m] Started Remount Root and Kernel File Systems.
[    5.249515] systemd[1]: Starting Load/Save Random Seed...
         Starting Load/Save Random Seed...
[    5.251293] systemd[1]: Starting udev Coldplug all Devices...
         Starting udev Coldplug all Devices...
[    5.252804] systemd[1]: Started Load/Save Random Seed.
[[0;32m  OK  [0m] Started Load/Save Random Seed.
[    5.258126] systemd[1]: Started Journal Service.
[[0;32m  OK  [0m] Started Journal Service.
         Starting Flush Journal to Persistent Storage...
[    5.264604] systemd-journald[398]: Received request to flush runtime journal from PID 1
[[0;32m  OK  [0m] Started Flush Journal to Persistent Storage.
[[0;32m  OK  [0m] Started Create Static Device Nodes in /dev.
         Starting udev Kernel Device Manager...
[    5.283015] iscsi: registered transport (iser)
[[0;32m  OK  [0m] Started Load Kernel Modules.
         Starting Apply Kernel Variables...
         Mounting FUSE Control File System...
[[0;32m  OK  [0m] Mounted FUSE Control File System.
[[0;32m  OK  [0m] Started udev Kernel Device Manager.
[[0;32m  OK  [0m] Started udev Coldplug all Devices.
[[0;32m  OK  [0m] Started Apply Kernel Variables.
[[0;32m  OK  [0m] Started Dispatch Password Requests to Console Directory Watch.
[[0;32m  OK  [0m] Found device /dev/ttyS0.
[[0;32m  OK  [0m] Started Monitoring of LVM2 mirrors,...ng dmeventd or progress polling.
[[0;32m  OK  [0m] Reached target Local File Systems (Pre).
[[0;32m  OK  [0m] Reached target Local File Systems.
         Starting LSB: AppArmor initialization...
         Starting Initial cloud-init job (pre-networking)...
         Starting Set console font and keymap...
         Starting Tell Plymouth To Write Out Runtime Data...
         Starting Create Volatile Files and Directories...
         Starting Commit a transient machine-id on disk...
[[0;32m  OK  [0m] Started Tell Plymouth To Write Out Runtime Data.
[[0;32m  OK  [0m] Started Create Volatile Files and Directories.
[[0;32m  OK  [0m] Started Commit a transient machine-id on disk.
[[0;32m  OK  [0m] Listening on Load/Save RF Kill Switch Status /dev/rfkill Watch.
         Starting Update UTMP about System Boot/Shutdown...
[[0;32m  OK  [0m] Started Update UTMP about System Boot/Shutdown.
[    5.921644] cloud-init[516]: Cloud-init v. 21.1-19-gbad84ad4-0ubuntu1~16.04.2 running 'init-local' at Sat, 15 Apr 2023 09:17:26 +0000. Up 5.62 seconds.
[[0;32m  OK  [0m] Started Set console font and keymap.
[[0;32m  OK  [0m] Created slice system-getty.slice.
[[0;32m  OK  [0m] Started Initial cloud-init job (pre-networking).
[[0;32m  OK  [0m] Reached target Network (Pre).
[[0;32m  OK  [0m] Started LSB: AppArmor initialization.
         Starting Raise network interfaces...
         Starting Load AppArmor profiles managed internally by snapd...
[[0;32m  OK  [0m] Started Load AppArmor profiles managed internally by snapd.
[[0;32m  OK  [0m] Started Raise network interfaces.
         Starting Initial cloud-init job (metadata service crawler)...
[[0;32m  OK  [0m] Reached target Network.
[    6.574812] cloud-init[943]: Cloud-init v. 21.1-19-gbad84ad4-0ubuntu1~16.04.2 running 'init' at Sat, 15 Apr 2023 09:17:27 +0000. Up 6.25 seconds.
[    6.575460] cloud-init[943]: ci-info: ++++++++++++++++++++++++++++++++++++++Net device info++++++++++++++++++++++++++++++++++++++
[    6.575969] cloud-init[943]: ci-info: +--------+------+----------------------------+---------------+--------+-------------------+
[    6.576485] cloud-init[943]: ci-info: | Device |  Up  |          Address           |      Mask     | Scope  |     Hw-Address    |
[    6.576961] cloud-init[943]: ci-info: +--------+------+----------------------------+---------------+--------+-------------------+
[    6.577516] cloud-init[943]: ci-info: | enp0s3 | True |         10.0.2.15          | 255.255.255.0 | global | 02:be:82:6b:cc:1d |
[    6.578030] cloud-init[943]: ci-info: | enp0s3 | True | fe80::be:82ff:fe6b:cc1d/64 |       .       |  link  | 02:be:82:6b:cc:1d |
[    6.578552] cloud-init[943]: ci-info: |   lo   | True |         127.0.0.1          |   255.0.0.0   |  host  |         .         |
[    6.579062] cloud-init[943]: ci-info: |   lo   | True |          ::1/128           |       .       |  host  |         .         |
[    6.579559] cloud-init[943]: ci-info: +--------+------+----------------------------+---------------+--------+-------------------+
[    6.580035] cloud-init[943]: ci-info: +++++++++++++++++++++++++++Route IPv4 info++++++++++++++++++++++++++++
[    6.580501] cloud-init[943]: ci-info: +-------+-------------+----------+---------------+-----------+-------+
[    6.588221] cloud-init[943]: ci-info: | Route | Destination | Gateway  |    Genmask    | Interface | Flags |
[    6.596281] cloud-init[943]: ci-info: +-------+-------------+----------+---------------+-----------+-------+
[    6.604301] cloud-init[943]: ci-info: |   0   |   0.0.0.0   | 10.0.2.2 |    0.0.0.0    |   enp0s3  |   UG  |
[[0;32m  OK  [0m] Started Initial cloud-init job (metadata service crawler).
[    6.612737] cloud-init[943]: ci-info: |   1   |   10.0.2.0  | 0.0.0.0  | 255.255.255.0 |   enp0s3  |   U   |
[    6.621329] [[0;32m  OK  [0m] Reached target Cloud-config availability.
[[0;32m  OK  [0m] Reached target System Initialization.
cloud-init[943]: ci-info: +-------+-------------+----------+---------------+-----------+-------+[
[0;32m  OK  [0m] Listening on D-Bus System Message Bus Socket.
[    6.622088] [[0;32m  OK  [0m] Listening on UUID daemon activation socket.
cloud-init[943]: ci-info: +++++++++++++++++++Route IPv6 info+++++++++++++++++++
[    6.622755] cloud-init[943]: [[0;32m  OK  [0m] Started ACPI Events Check.
[[0;32m  OK  [0m] Reached target Paths.
ci-info: +-------+-------------+---------+-----------+-------+
[[0;32m  OK  [0m] Listening on ACPID Listen Socket.
[[0;32m  OK  [0m] Started Message of the Day.
[[0;32m  OK  [0m] Started Ubuntu Advantage update messaging.
[[0;32m  OK  [0m] Started Daily Cleanup of Temporary Directories.
[    6.623893]          Starting LXD - unix socket.
cloud-init         Starting Socket activation for snappy daemon.
[[0;32m  OK  [0m[943]: ] ci-info: | Route | Destination | Gateway | Interface | Flags |Started Daily apt download activities.

[[0;32m  OK  [0m] Started Daily apt upgrade and clean activities.
[[0;32m  OK  [0m] Reached target Timers.
[[0;32m  OK  [0m] Reached target Network is Online.
[    6.624697] cloud-init[943]: ci-info: +-------+-------------+---------+-----------+-------+
[    6.626467] cloud-init[943]: ci-info: |   0   |  fe80::/64  |    ::   |   enp0s3  |   U   |
[    6.626896] cloud-init[943]: ci-info: |   3   |   ff00::/8  |    ::   |   enp0s3  |   U   |
[    6.627341] cloud-init[943]: ci-info: +-------+-------------+---------+-----------+-------+
[    6.627778] cloud-init[943]: Generating public/private rsa key pair.
[    6.632239] cloud-init[943]: Your identification has been saved in /etc/ssh/ssh_host_rsa_key.
[    6.632873] cloud-init[943]: Your public key has been saved in /etc/ssh/ssh_host_rsa_key.pub.
[    6.633297] cloud-init[943]: The key fingerprint is:
[    6.633640] cloud-init[943]: SHA256:5kzSyjg++JpF/IqN+ODTQfHisbfskKCs1RmbDnbZrpA root@ubuntu-xenial
[    6.634075] cloud-init[943]: The key's randomart image is:
[    6.634422] cloud-init[943]: +---[RSA 2048]----+
[    6.634735] cloud-init[943]: |                 |
[    6.635083] cloud-init[943]: |   .             |
[    6.635426] cloud-init[943]: |    o            |
[    6.635740] cloud-init[943]: |   = . .         |
[    6.636067] cloud-init[943]: | .o B . S        |
[    6.636398] cloud-init[943]: |o .B.% B         |
[    6.636734] cloud-init[943]: |o.E+# * o        |
[    6.637076] cloud-init[943]: |o*.&o*           |
[    6.637402] cloud-init[943]: |ooBoO+.          |
[    6.637730] cloud-init[943]: +----[SHA256]-----+
[    6.638065] cloud-init[943]: Generating public/private dsa key pair.
[    6.638431] cloud-init[943]: Your identification has been saved in /etc/ssh/ssh_host_dsa_key.
[    6.638867] cloud-init[943]: Your public key has been saved in /etc/ssh/ssh_host_dsa_key.pub.
[    6.639281] cloud-init[943]: The key fingerprint is:
[    6.639633] cloud-init[943]: SHA256:bTDkCsCh2Q+0qYePu3gSzycoh34m9CrMDCoCE+R4PvE root@ubuntu-xenial
[    6.640051] cloud-init[943]: The key's randomart image is:
[    6.640412] cloud-init[943]: +---[DSA 1024]----+
[    6.640734] cloud-init[943]: | .+.    .        |
[    6.641085] cloud-init[943]: | *.+   o         |
[    6.641387] cloud-init[943]: |* = .   +        |
[    6.641715] cloud-init[943]: |o+oo . . +       |
[    6.642063] cloud-init[943]: |o+.o. . S o      |
[    6.642365] cloud-init[943]: |==o E    .       |
[    6.642687] cloud-init[943]: |XBo.             |
[    6.643019] cloud-init[943]: |@**+.            |
[    6.643353] cloud-init[943]: |XB=o             |
[    6.643694] cloud-init[943]: +----[SHA256]-----+
[    6.644021] cloud-init[943]: Generating public/private ecdsa key pair.
[    6.644406] cloud-init[943]: Your identification has been saved in /etc/ssh/ssh_host_ecdsa_key.
[    6.644834] cloud-init[943]: Your public key has been saved in /etc/ssh/ssh_host_ecdsa_key.pub.
[    6.645262] cloud-init[943]: The key fingerprint is:
[    6.645600] cloud-init[943]: SHA256:FLCet5+j5xSVjoi5OAR030CqcnRyelHOH7L6pT0TV3U root@ubuntu-xenial
[    6.646034] cloud-init[943]: The key's randomart image is:
[    6.646386] cloud-init[943]: +---[ECDSA 256]---+
[    6.646712] cloud-init[943]: |  . ..=..        |
[    6.652202]          Starting iSCSI initiator daemon (iscsid)...
[[0;32m  OK  [0m] Listening on LXD - unix socket.
[[0;32m  OK  [0m] Listening on Socket activation for snappy daemon.
cloud-init[943]: | . . * + .   .. E|
[[0;32m  OK  [0m] Reached target Sockets.
[[0;32m  OK  [0m] Reached target Basic System.
[    6.653066] [[0;32m  OK  [0m] Started FUSE filesystem for LXC.
cloud-init[943]: |  + = * +   o. . |
[    6.653541]          Starting /etc/rc.local Compatibility...
cloud-init[943]: | . B o O o +.    |
[    6.654017] cloud-init[943]: |. + o * S o..    |
[[0;32m  OK  [0m] Started Regular background program processing daemon.
         Starting System Logging Service...
         Starting Login Service...
         Starting Virtualbox guest utils...
[[0;32m  OK  [0m] Started Deferred execution scheduler.
         Starting LSB: MD monitoring daemon...
[    6.660099] cloud-init[943]: | o o o o....     |
[    6.672822] cloud-init[943]: |    + . oo.      |
         Starting Pollinate to seed the pseudo random number generator...
[    6.673357]          Starting Accounts Service...
cloud-init[943]: |     o +ooo.     |
[    6.673821]          Starting LSB: Record successful boot for GRUB...
cloud-init[943]: |      o o*+.     |
[[0;32m  OK  [0m] Started D-Bus System Message Bus.
[    6.677799] cloud-init[943]: +----[SHA256]-----+
[    6.678702] cloud-init[943]: Generating public/private ed25519 key pair.
[    6.680866] cloud-init[943]: Your identification has been saved in /etc/ssh/ssh_host_ed25519_key.
[    6.689327] cloud-init[943]: Your public key has been saved in /etc/ssh/ssh_host_ed25519_key.pub.
[[0;32m  OK  [0m] Started ACPI event daemon.
[    6.693600] cloud-init[943]: The key fingerprint is:
         Starting Snap Daemon...
         Starting LXD - container startup/shutdown...
[[0;32m  OK  [0m] Started System Logging Service.
[[0;32m  OK  [0m] Started iSCSI initiator daemon (iscsid).
[    6.696732] [[0;32m  OK  [0m] Started /etc/rc.local Compatibility.
cloud-init[943]: SHA256:aQWte+HtuoNTHYEBQF32MzA7E6y6ySRI32NS83aFrD4 root@ubuntu-xenial
         Starting Login to default iSCSI targets...
[[0;32m  OK  [0m] Started Login Service.
[[0;32m  OK  [0m] Started Unattended Upgrades Shutdown.
[[0;32m  OK  [0m] Started LSB: Record successful boot for GRUB.
[    6.709748] cloud-init[943]: The key's randomart image is:         Starting Authenticate and Authorize Users to Run Privileged Tasks...
[[0;32m  OK  [0m] Started LSB: MD monitoring daemon.

[    6.718835] [[0;32m  OK  [0m] Started Login to default iSCSI targets.
[[0;32m  OK  [0m] Reached target Remote File Systems (Pre).
[[0;32m  OK  [0m] Reached target Remote File Systems.
         Starting LSB: daemon to balance interrupts for SMP systems...
         Starting LSB: automatic crash report generation...
         Starting LSB: Set the CPU Frequency Scaling governor to "ondemand"...
         Starting Permit User Sessions...
[[0;32m  OK  [0m] Started Authenticate and Authorize Users to Run Privileged Tasks.
[[0;32m  OK  [0m] Started Permit User Sessions.
         Starting Terminate Plymouth Boot Screen...
         Starting Hold until boot process finishes up...
[[0;32m  OK  [0m] Started Hold until boot process finishes up.
         Starting Set console scheme...
[[0;32m  OK  [0m] Started Getty on tty1.
[[0;32m  OK  [0m] Started Serial Getty on ttyS0.
[[0;32m  OK  [0m] Reached target Login Prompts.
[[0;32m  OK  [0m] Started Set console scheme.
cloud-init[943]: +--[ED25519 256]--+
[[0;32m  OK  [0m] Started Terminate Plymouth Boot Screen.
[    6.750516] cloud-init[943]: |     .ooo=Bo     |
[[0;32m  OK  [0m] Started Accounts Service.
[    6.751268] cloud-init[943]: |        .o+*.    |
[[0;32m  OK  [0m] Started LSB: Set the CPU Frequency Scaling governor to "ondemand".
[[0;32m  OK  [0m] Started LSB: automatic crash report generation.
[    6.755296] cloud-init[943]: |         +=.+.   |
[[0;32m  OK  [0m] Started LSB: daemon to balance interrupts for SMP systems.
[    6.760357] cloud-init[943]: |  .   o oo+ooo   |
[    6.762391] cloud-init[943]: | . o o +S+ = .   |
[    6.762823] cloud-init[943]: |  . + *.= = o    |
[    6.763210] cloud-init[943]: |     * * = .     |
[    6.768219] cloud-init[943]: |      + E . .    |
[    6.769374] cloud-init[943]: |         oo+     |
[    6.769766] cloud-init[943]: +----[SHA256]-----+
[[0;32m  OK  [0m] Started Virtualbox guest utils.
[[0;32m  OK  [0m] Started LXD - container startup/shutdown.
[[0;32m  OK  [0m] Started Snap Daemon.
         Starting Wait until snapd is fully seeded...
[[0;32m  OK  [0m] Started Pollinate to seed the pseudo random number generator.
         Starting OpenBSD Secure Shell server...
[[0;32m  OK  [0m] Started OpenBSD Secure Shell server.
[[0;32m  OK  [0m] Started Wait until snapd is fully seeded.
         Starting Apply the settings specified in cloud-config...
[[0;32m  OK  [0m] Reached target Multi-User System.
[[0;32m  OK  [0m] Reached target Graphical Interface.
         Starting Update UTMP about System Runlevel Changes...
[[0;32m  OK  [0m] Started Update UTMP about System Runlevel Changes.
[    8.188672] cloud-init[1281]: Generating locales (this might take a while)...
[    8.569356] cloud-init[1281]:   en_US.UTF-8... done
[    8.570702] cloud-init[1281]: Generation complete.
[    8.725940] cloud-init[1281]: Cloud-init v. 21.1-19-gbad84ad4-0ubuntu1~16.04.2 running 'modules:config' at Sat, 15 Apr 2023 09:17:29 +0000. Up 8.11 seconds.
[[0;32m  OK  [0m] Started Apply the settings specified in cloud-config.
         Starting Execute cloud user/final scripts...
ci-info: no authorized SSH keys fingerprints found for user ubuntu.
<14>Apr 15 09:17:30 ec2: 
<14>Apr 15 09:17:30 ec2: #############################################################
<14>Apr 15 09:17:30 ec2: -----BEGIN SSH HOST KEY FINGERPRINTS-----
<14>Apr 15 09:17:30 ec2: 1024 SHA256:bTDkCsCh2Q+0qYePu3gSzycoh34m9CrMDCoCE+R4PvE root@ubuntu-xenial (DSA)
<14>Apr 15 09:17:30 ec2: 256 SHA256:FLCet5+j5xSVjoi5OAR030CqcnRyelHOH7L6pT0TV3U root@ubuntu-xenial (ECDSA)
<14>Apr 15 09:17:30 ec2: 256 SHA256:aQWte+HtuoNTHYEBQF32MzA7E6y6ySRI32NS83aFrD4 root@ubuntu-xenial (ED25519)
<14>Apr 15 09:17:30 ec2: 2048 SHA256:5kzSyjg++JpF/IqN+ODTQfHisbfskKCs1RmbDnbZrpA root@ubuntu-xenial (RSA)
<14>Apr 15 09:17:30 ec2: -----END SSH HOST KEY FINGERPRINTS-----
<14>Apr 15 09:17:30 ec2: #############################################################
-----BEGIN SSH HOST KEY KEYS-----
ecdsa-sha2-nistp256 AAAAE2VjZHNhLXNoYTItbmlzdHAyNTYAAAAIbmlzdHAyNTYAAABBBBqvx8+VsGmIOf5xha/sbBdssnYHX5+/ZdNwcpE1qYmgkJTogyYq5p59MJsZInq+9Cekh786Yp08axudl7axTeo= root@ubuntu-xenial
ssh-ed25519 AAAAC3NzaC1lZDI1NTE5AAAAIP80h8kj0ZsJhh+6XZX6OTQE+YWkoIjon9XgONOAC0/v root@ubuntu-xenial
ssh-rsa AAAAB3NzaC1yc2EAAAADAQABAAABAQDIpJ/W0RRrCHqTkxaHcqFM/lPZ4H/qY89Px3M+tMFYMrg/1pw3L0tIanbYNArQtSjhTTG5RuHZftobsmHsuyMPuWfL9DbHEKMap3ziNLYNze+VTm+opR5Ydeke6z9EhHFXTL7X0JluIAmgoxymFKUtCS7joDqmxOuGnOwbQwXSnFCe09N8L8LdQoV2H73jlZPVzVAOm+9CpG70cbiIOw4ylsCKdYFSy5lbzO/zfTVI+Q4VUUM1jYeS2t5N5nU3mTJwhsAhNTuDWjF0QvVtdmzkoNEw529O9CtaYWlToNNBYJMYDr+yDc4naVTIlDaTEwH6Qt8xeFBEoz0ojPL6etEJ root@ubuntu-xenial
-----END SSH HOST KEY KEYS-----
[    9.012410] cloud-init[1324]: Cloud-init v. 21.1-19-gbad84ad4-0ubuntu1~16.04.2 running 'modules:final' at Sat, 15 Apr 2023 09:17:29 +0000. Up 8.92 seconds.
[    9.013047] cloud-init[1324]: ci-info: no authorized SSH keys fingerprints found for user ubuntu.
[    9.013504] cloud-init[1324]: Cloud-init v. 21.1-19-gbad84ad4-0ubuntu1~16.04.2 finished at Sat, 15 Apr 2023 09:17:30 +0000. Datasource DataSourceNoCloud [seed=/dev/sdb][dsmode=net].  Up 9.00 seconds
[[0;32m  OK  [0m] Started Execute cloud user/final scripts.
[[0;32m  OK  [0m] Reached target Cloud-init target.

Ubuntu 16.04.7 LTS ubuntu-xenial ttyS0

ubuntu-xenial login: 